[0.105s] Invoking command in '/home/robotics_roomba_2/slam2d/build/create3_coverage': AMENT_PREFIX_PATH=/home/robotics_roomba_2/slam2d/install/create3_examples_msgs:${AMENT_PREFIX_PATH} CMAKE_PREFIX_PATH=/home/robotics_roomba_2/slam2d/install/create3_examples_msgs:/home/robotics_roomba_2/create3_examples_ws/install/spad_demo_interface:/home/robotics_roomba_2/create3_examples_ws/install/create3_lidar:/home/robotics_roomba_2/create3_examples_ws/install/create3_sensors:/home/robotics_roomba_2/create3_examples_ws/install/helloRoomba:/home/robotics_roomba_2/create3_examples_ws/install/create3_teleop:/home/robotics_roomba_2/create3_examples_ws/install/create3_examples_py:/opt/ros/humble LD_LIBRARY_PATH=/home/robotics_roomba_2/slam2d/install/create3_examples_msgs/lib:${LD_LIBRARY_PATH} PYTHONPATH=/home/robotics_roomba_2/slam2d/install/create3_examples_msgs/local/lib/python3.10/dist-packages:${PYTHONPATH} /usr/bin/cmake /home/robotics_roomba_2/slam2d/src/create3_examples/create3_coverage -DCMAKE_INSTALL_PREFIX=/home/robotics_roomba_2/slam2d/install/create3_coverage
[0.639s] -- The C compiler identification is GNU 11.4.0
[1.122s] -- The CXX compiler identification is GNU 11.4.0
[1.170s] -- Detecting C compiler ABI info
[1.793s] -- Detecting C compiler ABI info - done
[1.826s] -- Check for working C compiler: /usr/bin/cc - skipped
[1.830s] -- Detecting C compile features
[1.832s] -- Detecting C compile features - done
[1.860s] -- Detecting CXX compiler ABI info
[2.577s] -- Detecting CXX compiler ABI info - done
[2.614s] -- Check for working CXX compiler: /usr/bin/c++ - skipped
[2.615s] -- Detecting CXX compile features
[2.619s] -- Detecting CXX compile features - done
[2.666s] -- Found ament_cmake: 1.3.3 (/opt/ros/humble/share/ament_cmake/cmake)
[4.463s] -- Found Python3: /usr/bin/python3.10 (found version "3.10.12") found components: Interpreter 
[5.632s] -- Found create3_examples_msgs: 0.0.1 (/home/robotics_roomba_2/slam2d/install/create3_examples_msgs/share/create3_examples_msgs/cmake)
[6.216s] -- Found rosidl_generator_c: 3.1.4 (/opt/ros/humble/share/rosidl_generator_c/cmake)
[6.307s] -- Found rosidl_adapter: 3.1.4 (/opt/ros/humble/share/rosidl_adapter/cmake)
[6.432s] -- Found rosidl_generator_cpp: 3.1.4 (/opt/ros/humble/share/rosidl_generator_cpp/cmake)
[6.582s] -- Using all available rosidl_typesupport_c: rosidl_typesupport_fastrtps_c;rosidl_typesupport_introspection_c
[6.799s] -- Using all available rosidl_typesupport_cpp: rosidl_typesupport_fastrtps_cpp;rosidl_typesupport_introspection_cpp
[7.921s] -- Found geometry_msgs: 4.2.3 (/opt/ros/humble/share/geometry_msgs/cmake)
[8.564s] -- Found irobot_create_msgs: 2.1.0 (/opt/ros/humble/share/irobot_create_msgs/cmake)
[9.357s] -- Found nav_msgs: 4.2.3 (/opt/ros/humble/share/nav_msgs/cmake)
[9.838s] -- Found rclcpp: 16.0.3 (/opt/ros/humble/share/rclcpp/cmake)
[10.605s] -- Found rmw_implementation_cmake: 6.1.1 (/opt/ros/humble/share/rmw_implementation_cmake/cmake)
[10.659s] -- Found rmw_fastrtps_cpp: 6.2.2 (/opt/ros/humble/share/rmw_fastrtps_cpp/cmake)
[11.834s] -- Found OpenSSL: /usr/lib/aarch64-linux-gnu/libcrypto.so (found version "3.0.2")  
[12.197s] -- Found FastRTPS: /opt/ros/humble/include  
[12.796s] -- Using RMW implementation 'rmw_fastrtps_cpp' as default
[12.963s] -- Looking for pthread.h
[13.595s] -- Looking for pthread.h - found
[13.602s] -- Performing Test CMAKE_HAVE_LIBC_PTHREAD
[14.223s] -- Performing Test CMAKE_HAVE_LIBC_PTHREAD - Success
[14.236s] -- Found Threads: TRUE  
[15.115s] -- Found rclcpp_action: 16.0.3 (/opt/ros/humble/share/rclcpp_action/cmake)
[15.380s] -- Found tf2_geometry_msgs: 0.25.2 (/opt/ros/humble/share/tf2_geometry_msgs/cmake)
[15.677s] -- Found eigen3_cmake_module: 0.1.1 (/opt/ros/humble/share/eigen3_cmake_module/cmake)
[15.690s] -- Found Eigen3: TRUE (found version "3.4.0") 
[15.691s] -- Ensuring Eigen3 include directory is part of orocos-kdl CMake target
[17.564s] -- Found ament_lint_auto: 0.12.5 (/opt/ros/humble/share/ament_lint_auto/cmake)
[18.489s] -- Added test 'cppcheck' to perform static code analysis on C / C++ code
[18.490s] -- Configured cppcheck include dirs: /home/robotics_roomba_2/slam2d/src/create3_examples/create3_coverage/include
[18.491s] -- Configured cppcheck exclude dirs and/or files: 
[18.506s] -- Added test 'lint_cmake' to check CMake code style
[18.538s] -- Added test 'uncrustify' to check C / C++ code style
[18.538s] -- Configured uncrustify additional arguments: 
[18.547s] -- Added test 'xmllint' to check XML markup files
[18.595s] -- Configuring done
[18.798s] -- Generating done
[18.814s] -- Build files have been written to: /home/robotics_roomba_2/slam2d/build/create3_coverage
[18.917s] Invoked command in '/home/robotics_roomba_2/slam2d/build/create3_coverage' returned '0': AMENT_PREFIX_PATH=/home/robotics_roomba_2/slam2d/install/create3_examples_msgs:${AMENT_PREFIX_PATH} CMAKE_PREFIX_PATH=/home/robotics_roomba_2/slam2d/install/create3_examples_msgs:/home/robotics_roomba_2/create3_examples_ws/install/spad_demo_interface:/home/robotics_roomba_2/create3_examples_ws/install/create3_lidar:/home/robotics_roomba_2/create3_examples_ws/install/create3_sensors:/home/robotics_roomba_2/create3_examples_ws/install/helloRoomba:/home/robotics_roomba_2/create3_examples_ws/install/create3_teleop:/home/robotics_roomba_2/create3_examples_ws/install/create3_examples_py:/opt/ros/humble LD_LIBRARY_PATH=/home/robotics_roomba_2/slam2d/install/create3_examples_msgs/lib:${LD_LIBRARY_PATH} PYTHONPATH=/home/robotics_roomba_2/slam2d/install/create3_examples_msgs/local/lib/python3.10/dist-packages:${PYTHONPATH} /usr/bin/cmake /home/robotics_roomba_2/slam2d/src/create3_examples/create3_coverage -DCMAKE_INSTALL_PREFIX=/home/robotics_roomba_2/slam2d/install/create3_coverage
[18.939s] Invoking command in '/home/robotics_roomba_2/slam2d/build/create3_coverage': AMENT_PREFIX_PATH=/home/robotics_roomba_2/slam2d/install/create3_examples_msgs:${AMENT_PREFIX_PATH} CMAKE_PREFIX_PATH=/home/robotics_roomba_2/slam2d/install/create3_examples_msgs:/home/robotics_roomba_2/create3_examples_ws/install/spad_demo_interface:/home/robotics_roomba_2/create3_examples_ws/install/create3_lidar:/home/robotics_roomba_2/create3_examples_ws/install/create3_sensors:/home/robotics_roomba_2/create3_examples_ws/install/helloRoomba:/home/robotics_roomba_2/create3_examples_ws/install/create3_teleop:/home/robotics_roomba_2/create3_examples_ws/install/create3_examples_py:/opt/ros/humble LD_LIBRARY_PATH=/home/robotics_roomba_2/slam2d/install/create3_examples_msgs/lib:${LD_LIBRARY_PATH} PYTHONPATH=/home/robotics_roomba_2/slam2d/install/create3_examples_msgs/local/lib/python3.10/dist-packages:${PYTHONPATH} /usr/bin/cmake --build /home/robotics_roomba_2/slam2d/build/create3_coverage -- -j4 -l4
[19.380s] [  8%] [32mBuilding CXX object CMakeFiles/create3_coverage_core.dir/src/behaviors/reflex-behavior.cpp.o[0m
[19.395s] [ 25%] [32mBuilding CXX object CMakeFiles/create3_coverage_core.dir/src/behaviors/drive-straight-behavior.cpp.o[0m
[19.397s] [ 25%] [32mBuilding CXX object CMakeFiles/create3_coverage_core.dir/src/behaviors/dock-behavior.cpp.o[0m
[19.400s] [ 33%] [32mBuilding CXX object CMakeFiles/create3_coverage_core.dir/src/behaviors/rotate-behavior.cpp.o[0m
[21.054s] In file included from [01m[K/home/robotics_roomba_2/slam2d/src/create3_examples/create3_coverage/include/create3_coverage/behaviors/dock-behavior.hpp:5[m[K,
[21.055s]                  from [01m[K/home/robotics_roomba_2/slam2d/src/create3_examples/create3_coverage/src/behaviors/dock-behavior.cpp:3[m[K:
[21.057s] [01m[K/home/robotics_roomba_2/slam2d/src/create3_examples/create3_coverage/include/create3_coverage/behaviors/behavior.hpp:9:10:[m[K [01;31m[Kfatal error: [m[Kirobot_create_msgs/msg/dock.hpp: No such file or directory
[21.059s]     9 | #include [01;31m[K"irobot_create_msgs/msg/dock.hpp"[m[K
[21.060s]       |          [01;31m[K^~~~~~~~~~~~~~~~~~~~~~~~~~~~~~~~~[m[K
[21.060s] compilation terminated.
[21.068s] gmake[2]: *** [CMakeFiles/create3_coverage_core.dir/build.make:76: CMakeFiles/create3_coverage_core.dir/src/behaviors/dock-behavior.cpp.o] Error 1
[21.069s] gmake[2]: *** Waiting for unfinished jobs....
[21.264s] In file included from [01m[K/home/robotics_roomba_2/slam2d/src/create3_examples/create3_coverage/include/create3_coverage/behaviors/drive-straight-behavior.hpp:5[m[K,
[21.268s]                  from [01m[K/home/robotics_roomba_2/slam2d/src/create3_examples/create3_coverage/src/behaviors/drive-straight-behavior.cpp:3[m[K:
[21.271s] [01m[K/home/robotics_roomba_2/slam2d/src/create3_examples/create3_coverage/include/create3_coverage/behaviors/behavior.hpp:9:10:[m[K [01;31m[Kfatal error: [m[Kirobot_create_msgs/msg/dock.hpp: No such file or directory
[21.272s]     9 | #include [01;31m[K"irobot_create_msgs/msg/dock.hpp"[m[K
[21.276s]       |          [01;31m[K^~~~~~~~~~~~~~~~~~~~~~~~~~~~~~~~~[m[K
[21.277s] compilation terminated.
[21.282s] gmake[2]: *** [CMakeFiles/create3_coverage_core.dir/build.make:90: CMakeFiles/create3_coverage_core.dir/src/behaviors/drive-straight-behavior.cpp.o] Error 1
[21.292s] In file included from [01m[K/home/robotics_roomba_2/slam2d/src/create3_examples/create3_coverage/include/create3_coverage/behaviors/reflex-behavior.hpp:5[m[K,
[21.294s]                  from [01m[K/home/robotics_roomba_2/slam2d/src/create3_examples/create3_coverage/src/behaviors/reflex-behavior.cpp:3[m[K:
[21.295s] [01m[K/home/robotics_roomba_2/slam2d/src/create3_examples/create3_coverage/include/create3_coverage/behaviors/behavior.hpp:9:10:[m[K [01;31m[Kfatal error: [m[Kirobot_create_msgs/msg/dock.hpp: No such file or directory
[21.296s]     9 | #include [01;31m[K"irobot_create_msgs/msg/dock.hpp"[m[K
[21.298s]       |          [01;31m[K^~~~~~~~~~~~~~~~~~~~~~~~~~~~~~~~~[m[K
[21.299s] compilation terminated.
[21.306s] gmake[2]: *** [CMakeFiles/create3_coverage_core.dir/build.make:104: CMakeFiles/create3_coverage_core.dir/src/behaviors/reflex-behavior.cpp.o] Error 1
[21.496s] In file included from [01m[K/home/robotics_roomba_2/slam2d/src/create3_examples/create3_coverage/include/create3_coverage/behaviors/rotate-behavior.hpp:5[m[K,
[21.497s]                  from [01m[K/home/robotics_roomba_2/slam2d/src/create3_examples/create3_coverage/src/behaviors/rotate-behavior.cpp:5[m[K:
[21.498s] [01m[K/home/robotics_roomba_2/slam2d/src/create3_examples/create3_coverage/include/create3_coverage/behaviors/behavior.hpp:9:10:[m[K [01;31m[Kfatal error: [m[Kirobot_create_msgs/msg/dock.hpp: No such file or directory
[21.499s]     9 | #include [01;31m[K"irobot_create_msgs/msg/dock.hpp"[m[K
[21.500s]       |          [01;31m[K^~~~~~~~~~~~~~~~~~~~~~~~~~~~~~~~~[m[K
[21.501s] compilation terminated.
[21.511s] gmake[2]: *** [CMakeFiles/create3_coverage_core.dir/build.make:118: CMakeFiles/create3_coverage_core.dir/src/behaviors/rotate-behavior.cpp.o] Error 1
[21.513s] gmake[1]: *** [CMakeFiles/Makefile2:139: CMakeFiles/create3_coverage_core.dir/all] Error 2
[21.515s] gmake: *** [Makefile:146: all] Error 2
[21.534s] Invoked command in '/home/robotics_roomba_2/slam2d/build/create3_coverage' returned '2': AMENT_PREFIX_PATH=/home/robotics_roomba_2/slam2d/install/create3_examples_msgs:${AMENT_PREFIX_PATH} CMAKE_PREFIX_PATH=/home/robotics_roomba_2/slam2d/install/create3_examples_msgs:/home/robotics_roomba_2/create3_examples_ws/install/spad_demo_interface:/home/robotics_roomba_2/create3_examples_ws/install/create3_lidar:/home/robotics_roomba_2/create3_examples_ws/install/create3_sensors:/home/robotics_roomba_2/create3_examples_ws/install/helloRoomba:/home/robotics_roomba_2/create3_examples_ws/install/create3_teleop:/home/robotics_roomba_2/create3_examples_ws/install/create3_examples_py:/opt/ros/humble LD_LIBRARY_PATH=/home/robotics_roomba_2/slam2d/install/create3_examples_msgs/lib:${LD_LIBRARY_PATH} PYTHONPATH=/home/robotics_roomba_2/slam2d/install/create3_examples_msgs/local/lib/python3.10/dist-packages:${PYTHONPATH} /usr/bin/cmake --build /home/robotics_roomba_2/slam2d/build/create3_coverage -- -j4 -l4
